#
# There is insufficient memory for the Java Runtime Environment to continue.
# Native memory allocation (malloc) failed to allocate 1048576 bytes for AllocateHeap
# Possible reasons:
#   The system is out of physical RAM or swap space
#   The process is running with CompressedOops enabled, and the Java Heap may be blocking the growth of the native heap
# Possible solutions:
#   Reduce memory load on the system
#   Increase physical memory or swap space
#   Check if swap backing store is full
#   Decrease Java heap size (-Xmx/-Xms)
#   Decrease number of Java threads
#   Decrease Java thread stack sizes (-Xss)
#   Set larger code cache with -XX:ReservedCodeCacheSize=
#   JVM is running with Zero Based Compressed Oops mode in which the Java heap is
#     placed in the first 32GB address space. The Java Heap base address is the
#     maximum limit for the native heap growth. Please use -XX:HeapBaseMinAddress
#     to set the Java Heap base and to place the Java Heap above 32GB virtual address.
# This output file may be truncated or incomplete.
#
#  Out of Memory Error (allocation.cpp:44), pid=21444, tid=18280
#
# JRE version:  (17.0.2+8) (build )
# Java VM: OpenJDK 64-Bit Server VM (17.0.2+8-86, mixed mode, sharing, tiered, compressed oops, compressed class ptrs, g1 gc, windows-amd64)
# No core dump will be written. Minidumps are not enabled by default on client versions of Windows
#

---------------  S U M M A R Y ------------

Command Line: -javaagent:D:\IntelliJIdea\IntelliJ IDEA Community Edition 2021.3.1\lib\idea_rt.jar=55994:D:\IntelliJIdea\IntelliJ IDEA Community Edition 2021.3.1\bin -Dfile.encoding=UTF-8 --module-path=C:\Users\dpmar\Downloads\richtextfx-fat-0.10.9.jar;C:\Users\dpmar\.m2\repository\org\openjfx\javafx-base\17.0.1\javafx-base-17.0.1-win.jar;C:\Users\dpmar\.m2\repository\com\dlsc\formsfx\formsfx-core\11.3.2\formsfx-core-11.3.2.jar;C:\Users\dpmar\.m2\repository\org\openjfx\javafx-controls\17.0.1\javafx-controls-17.0.1-win.jar;C:\Users\dpmar\.m2\repository\org\openjfx\javafx-graphics\17.0.1\javafx-graphics-17.0.1-win.jar;C:\Users\dpmar\.m2\repository\org\openjfx\javafx-fxml\17.0.1\javafx-fxml-17.0.1-win.jar;C:\Users\dpmar\.m2\repository\org\controlsfx\controlsfx\11.1.0\controlsfx-11.1.0.jar;C:\Users\dpmar\Desktop\libGDX\RegexVisualizer\target\classes;C:\Users\dpmar\.m2\repository\org\kordamp\bootstrapfx\bootstrapfx-core\0.4.0\bootstrapfx-core-0.4.0.jar -Djdk.module.main=com.example.regexvisualizer com.example.regexvisualizer/com.example.regexvisualizer.RegexVisualizer

Host: Intel(R) Core(TM) i7-8750H CPU @ 2.20GHz, 12 cores, 15G,  Windows 10 , 64 bit Build 19041 (10.0.19041.1741)
Time: Tue Jul 12 22:18:49 2022 Central Daylight Time elapsed time: 0.012933 seconds (0d 0h 0m 0s)

---------------  T H R E A D  ---------------

Current thread (0x0000029bdd344000):  JavaThread "Unknown thread" [_thread_in_vm, id=18280, stack(0x000000b147900000,0x000000b147a00000)]

Stack: [0x000000b147900000,0x000000b147a00000]
Native frames: (J=compiled Java code, j=interpreted, Vv=VM code, C=native code)
V  [jvm.dll+0x670baa]
V  [jvm.dll+0x7cfcb4]
V  [jvm.dll+0x7d145e]
V  [jvm.dll+0x7d1ac3]
V  [jvm.dll+0x242bc5]
V  [jvm.dll+0xa4b93]
V  [jvm.dll+0x2e0f37]
V  [jvm.dll+0x2d8e0b]
V  [jvm.dll+0x7a18c1]
V  [jvm.dll+0x365a91]
V  [jvm.dll+0x780d2c]
V  [jvm.dll+0x3e845f]
V  [jvm.dll+0x3e9f01]
C  [jli.dll+0x527b]
C  [ucrtbase.dll+0x21bb2]
C  [KERNEL32.DLL+0x17034]
C  [ntdll.dll+0x52651]


---------------  P R O C E S S  ---------------

Threads class SMR info:
_java_thread_list=0x00007ff94f129858, length=0, elements={
}

Java Threads: ( => current thread )

Other Threads:
  0x0000029bdd393790 GCTaskThread "GC Thread#0" [stack: 0x000000b147a00000,0x000000b147b00000] [id=20840]

[error occurred during error reporting (printing all threads), id 0xc0000005, EXCEPTION_ACCESS_VIOLATION (0xc0000005) at pc=0x00007ff94e975e80]

VM state: not at safepoint (not fully initialized)

VM Mutex/Monitor currently owned by a thread:  ([mutex/lock_event])
[0x0000029bdd33f270] Heap_lock - owner thread: 0x0000029bdd344000

Heap address: 0x0000000702600000, size: 4058 MB, Compressed Oops mode: Zero based, Oop shift amount: 3

CDS archive(s) mapped at: [0x0000000000000000-0x0000000000000000-0x0000000000000000), size 0, SharedBaseAddress: 0x0000000800000000, ArchiveRelocationMode: 0.
Narrow klass base: 0x0000000000000000, Narrow klass shift: 0, Narrow klass range: 0x0

GC Precious Log:
<Empty>

Heap:
 garbage-first heap   total 0K, used 0K [0x0000000702600000, 0x0000000800000000)
  region size 2048K, 0 young (0K), 0 survivors (0K)

[error occurred during error reporting (printing heap information), id 0xc0000005, EXCEPTION_ACCESS_VIOLATION (0xc0000005) at pc=0x00007ff94ed59f19]

GC Heap History (0 events):
No events

Deoptimization events (0 events):
No events

Classes unloaded (0 events):
No events

Classes redefined (0 events):
No events

Internal exceptions (0 events):
No events

VM Operations (0 events):
No events

Events (1 events):
Event: 0.008 Loaded shared library C:\Users\dpmar\.jdks\openjdk-17.0.2\bin\java.dll


Dynamic libraries:
0x00007ff653c70000 - 0x00007ff653c7e000 	C:\Users\dpmar\.jdks\openjdk-17.0.2\bin\java.exe
0x00007ff99d570000 - 0x00007ff99d767000 	C:\WINDOWS\SYSTEM32\ntdll.dll
0x00007ff99ba10000 - 0x00007ff99bacd000 	C:\WINDOWS\System32\KERNEL32.DLL
0x00007ff99ad40000 - 0x00007ff99b00d000 	C:\WINDOWS\System32\KERNELBASE.dll
0x00007ff99b190000 - 0x00007ff99b290000 	C:\WINDOWS\System32\ucrtbase.dll
0x00007ff994520000 - 0x00007ff994538000 	C:\Users\dpmar\.jdks\openjdk-17.0.2\bin\jli.dll
0x00007ff993e40000 - 0x00007ff993e5a000 	C:\Users\dpmar\.jdks\openjdk-17.0.2\bin\VCRUNTIME140.dll
0x00007ff99b870000 - 0x00007ff99ba10000 	C:\WINDOWS\System32\USER32.dll
0x00007ff976dd0000 - 0x00007ff97706a000 	C:\WINDOWS\WinSxS\amd64_microsoft.windows.common-controls_6595b64144ccf1df_6.0.19041.1110_none_60b5254171f9507e\COMCTL32.dll
0x00007ff99b440000 - 0x00007ff99b462000 	C:\WINDOWS\System32\win32u.dll
0x00007ff99d130000 - 0x00007ff99d15a000 	C:\WINDOWS\System32\GDI32.dll
0x00007ff99cd10000 - 0x00007ff99cdae000 	C:\WINDOWS\System32\msvcrt.dll
0x00007ff99b010000 - 0x00007ff99b11b000 	C:\WINDOWS\System32\gdi32full.dll
0x00007ff99b530000 - 0x00007ff99b5cd000 	C:\WINDOWS\System32\msvcp_win.dll
0x00007ff99cfd0000 - 0x00007ff99d000000 	C:\WINDOWS\System32\IMM32.DLL
0x00007ff994500000 - 0x00007ff99450c000 	C:\Users\dpmar\.jdks\openjdk-17.0.2\bin\vcruntime140_1.dll
0x00007ff973870000 - 0x00007ff9738fd000 	C:\Users\dpmar\.jdks\openjdk-17.0.2\bin\msvcp140.dll
0x00007ff94e690000 - 0x00007ff94f251000 	C:\Users\dpmar\.jdks\openjdk-17.0.2\bin\server\jvm.dll
0x00007ff99c490000 - 0x00007ff99c53e000 	C:\WINDOWS\System32\ADVAPI32.dll
0x00007ff99d000000 - 0x00007ff99d09c000 	C:\WINDOWS\System32\sechost.dll
0x00007ff99d400000 - 0x00007ff99d525000 	C:\WINDOWS\System32\RPCRT4.dll
0x00007ff99d3f0000 - 0x00007ff99d3f8000 	C:\WINDOWS\System32\PSAPI.DLL
0x00007ff992d00000 - 0x00007ff992d09000 	C:\WINDOWS\SYSTEM32\WSOCK32.dll
0x00007ff994ed0000 - 0x00007ff994eda000 	C:\WINDOWS\SYSTEM32\VERSION.dll
0x00007ff99d0a0000 - 0x00007ff99d10b000 	C:\WINDOWS\System32\WS2_32.dll
0x00007ff9835b0000 - 0x00007ff9835d7000 	C:\WINDOWS\SYSTEM32\WINMM.dll
0x00007ff9994e0000 - 0x00007ff9994f2000 	C:\WINDOWS\SYSTEM32\kernel.appcore.dll
0x00007ff993ce0000 - 0x00007ff993cea000 	C:\Users\dpmar\.jdks\openjdk-17.0.2\bin\jimage.dll
0x00007ff998980000 - 0x00007ff998b64000 	C:\WINDOWS\SYSTEM32\DBGHELP.DLL
0x00007ff993cb0000 - 0x00007ff993cdc000 	C:\WINDOWS\SYSTEM32\dbgcore.DLL
0x00007ff99b470000 - 0x00007ff99b4f2000 	C:\WINDOWS\System32\bcryptPrimitives.dll
0x00007ff992ce0000 - 0x00007ff992cee000 	C:\Users\dpmar\.jdks\openjdk-17.0.2\bin\instrument.dll
0x00007ff992ca0000 - 0x00007ff992cc5000 	C:\Users\dpmar\.jdks\openjdk-17.0.2\bin\java.dll

dbghelp: loaded successfully - version: 4.0.5 - missing functions: none
symbol engine: initialized successfully - sym options: 0x614 - pdb path: .;C:\Users\dpmar\.jdks\openjdk-17.0.2\bin;C:\WINDOWS\SYSTEM32;C:\WINDOWS\WinSxS\amd64_microsoft.windows.common-controls_6595b64144ccf1df_6.0.19041.1110_none_60b5254171f9507e;C:\Users\dpmar\.jdks\openjdk-17.0.2\bin\server

VM Arguments:
jvm_args: -javaagent:D:\IntelliJIdea\IntelliJ IDEA Community Edition 2021.3.1\lib\idea_rt.jar=55994:D:\IntelliJIdea\IntelliJ IDEA Community Edition 2021.3.1\bin -Dfile.encoding=UTF-8 --module-path=C:\Users\dpmar\Downloads\richtextfx-fat-0.10.9.jar;C:\Users\dpmar\.m2\repository\org\openjfx\javafx-base\17.0.1\javafx-base-17.0.1-win.jar;C:\Users\dpmar\.m2\repository\com\dlsc\formsfx\formsfx-core\11.3.2\formsfx-core-11.3.2.jar;C:\Users\dpmar\.m2\repository\org\openjfx\javafx-controls\17.0.1\javafx-controls-17.0.1-win.jar;C:\Users\dpmar\.m2\repository\org\openjfx\javafx-graphics\17.0.1\javafx-graphics-17.0.1-win.jar;C:\Users\dpmar\.m2\repository\org\openjfx\javafx-fxml\17.0.1\javafx-fxml-17.0.1-win.jar;C:\Users\dpmar\.m2\repository\org\controlsfx\controlsfx\11.1.0\controlsfx-11.1.0.jar;C:\Users\dpmar\Desktop\libGDX\RegexVisualizer\target\classes;C:\Users\dpmar\.m2\repository\org\kordamp\bootstrapfx\bootstrapfx-core\0.4.0\bootstrapfx-core-0.4.0.jar -Djdk.module.main=com.example.regexvisualizer 
java_command: com.example.regexvisualizer/com.example.regexvisualizer.RegexVisualizer
java_class_path (initial): C:\Users\dpmar\.m2\repository\org\openjfx\javafx-controls\17.0.1\javafx-controls-17.0.1.jar;C:\Users\dpmar\.m2\repository\org\openjfx\javafx-graphics\17.0.1\javafx-graphics-17.0.1.jar;C:\Users\dpmar\.m2\repository\org\openjfx\javafx-base\17.0.1\javafx-base-17.0.1.jar;C:\Users\dpmar\.m2\repository\org\openjfx\javafx-fxml\17.0.1\javafx-fxml-17.0.1.jar
Launcher Type: SUN_STANDARD

[Global flags]
     intx CICompilerCount                          = 4                                         {product} {ergonomic}
     uint ConcGCThreads                            = 3                                         {product} {ergonomic}
     uint G1ConcRefinementThreads                  = 10                                        {product} {ergonomic}
   size_t G1HeapRegionSize                         = 2097152                                   {product} {ergonomic}
    uintx GCDrainStackTargetSize                   = 64                                        {product} {ergonomic}
   size_t InitialHeapSize                          = 266338304                                 {product} {ergonomic}
   size_t MarkStackSize                            = 4194304                                   {product} {ergonomic}
   size_t MaxHeapSize                              = 4255121408                                {product} {ergonomic}
   size_t MinHeapDeltaBytes                        = 2097152                                   {product} {ergonomic}
   size_t MinHeapSize                              = 8388608                                   {product} {ergonomic}
    uintx NonNMethodCodeHeapSize                   = 5839372                                {pd product} {ergonomic}
    uintx NonProfiledCodeHeapSize                  = 122909434                              {pd product} {ergonomic}
    uintx ProfiledCodeHeapSize                     = 122909434                              {pd product} {ergonomic}
    uintx ReservedCodeCacheSize                    = 251658240                              {pd product} {ergonomic}
     bool SegmentedCodeCache                       = true                                      {product} {ergonomic}
   size_t SoftMaxHeapSize                          = 4255121408                             {manageable} {ergonomic}
     bool UseCompressedClassPointers               = true                           {product lp64_product} {ergonomic}
     bool UseCompressedOops                        = true                           {product lp64_product} {ergonomic}
     bool UseG1GC                                  = true                                      {product} {ergonomic}
     bool UseLargePagesIndividualAllocation        = false                                  {pd product} {ergonomic}

Logging:
Log output configuration:
 #0: stdout all=warning uptime,level,tags
 #1: stderr all=off uptime,level,tags

Environment Variables:
JAVA_HOME=C:\Users\dpmar\AppData\Local\Programs\AdoptOpenJDK\jdk-11.0.10.9-hotspot\
PATH=C:\Program Files (x86)\Intel\Intel(R) Management Engine Components\iCLS\;C:\Program Files\Intel\Intel(R) Management Engine Components\iCLS\;C:\Windows\system32;C:\Windows;C:\Windows\System32\Wbem;C:\Windows\System32\WindowsPowerShell\v1.0\;C:\Windows\System32\OpenSSH\;C:\Program Files (x86)\Intel\Intel(R) Management Engine Components\DAL;C:\Program Files\Intel\Intel(R) Management Engine Components\DAL;C:\Program Files (x86)\Intel\Intel(R) Management Engine Components\IPT;C:\Program Files\Intel\Intel(R) Management Engine Components\IPT;C:\Program Files (x86)\NVIDIA Corporation\PhysX\Common;C:\WINDOWS\system32;C:\WINDOWS;C:\WINDOWS\System32\Wbem;C:\WINDOWS\System32\WindowsPowerShell\v1.0\;C:\WINDOWS\System32\OpenSSH\;C:\Program Files\NVIDIA Corporation\NVIDIA NvDLISR;C:\Users\dpmar\Downloads\graphviz-2.44.1-win32 (3).zip\Graphviz\bin;C:\Users\dpmar\Downloads\graphviz-2.44.1-win32 (3).zip\Graphviz\bin\dot.exe;C:\Program Files\Git\cmd;C:\Program Files\PuTTY\;C:\Program Files\Microchip\xc8\v2.31\bin;D:\;C:\Program Files\Docker\Docker\resources\bin;C:\ProgramData\DockerDesktop\version-bin;C:\Program Files\dotnet\;C:\Program Files\Microsoft SQL Server\150\Tools\Binn\;C:\Program Files\Microsoft SQL Server\Client SDK\ODBC\170\Tools\Binn\;C:\ProgramData\chocolatey\bin;C:\Users\dpmar\.cargo\bin;C:\Ruby30-x64\bin;C:\Users\dpmar\AppData\Local\Programs\AdoptOpenJDK\jdk-11.0.10.9-hotspot\bin;C:\Users\dpmar\AppData\Local\Programs\Python\Python38-32\Scripts\;C:\Users\dpmar\AppData\Local\Programs\Python\Python38-32\;C:\Users\dpmar\AppData\Local\Microsoft\WindowsApps;C:\Users\dpmar\AppData\Local\Programs\Microsoft VS Code\bin;C:\Program Files\Graphviz\bin;C:\Users\dpmar\AppData\Roaming\npm;C:\msys64\mingw64\bin;C:\cygnus\cygwin-b20\H-i586-cygwin32\bin;C:\Users\dpmar\.dotnet\tools;C:\Users\dpmar\Downloads\pypy3.9-v7.3.9-win64\pypy3.9-v7.3.9-win64;C:\Users\dpmar\AppData\Roaming\cabal\bin;C:\tools\ghc-9.2.2\bin;
USERNAME=dpmar
OS=Windows_NT
PROCESSOR_IDENTIFIER=Intel64 Family 6 Model 158 Stepping 10, GenuineIntel



---------------  S Y S T E M  ---------------

OS:
 Windows 10 , 64 bit Build 19041 (10.0.19041.1741)
OS uptime: 24 days 19:20 hours
Hyper-V role detected

CPU: total 12 (initial active 12) (6 cores per cpu, 2 threads per core) family 6 model 158 stepping 10 microcode 0xb4, cx8, cmov, fxsr, ht, mmx, 3dnowpref, sse, sse2, sse3, ssse3, sse4.1, sse4.2, popcnt, lzcnt, tsc, tscinvbit, avx, avx2, aes, erms, clmul, bmi1, bmi2, adx, fma, vzeroupper, clflush, clflushopt, hv

Memory: 4k page, system-wide physical 16229M (4093M free)
TotalPageFile size 25839M (AvailPageFile size 3M)
current process WorkingSet (physical memory assigned to process): 10M, peak: 10M
current process commit charge ("private bytes"): 56M, peak: 57M

vm_info: OpenJDK 64-Bit Server VM (17.0.2+8-86) for windows-amd64 JRE (17.0.2+8-86), built on Dec  7 2021 21:49:10 by "mach5one" with MS VC++ 16.8 / 16.9 (VS2019)

END.
